Android/app/build/intermediates/manifest_merge_blame_file/arm8Debug/manifest-merger-blame-arm8-debug-report.txt
1<?xml version="1.0" encoding="utf-8"?>
2<manifest xmlns:android="http://schemas.android.com/apk/res/android"
3    package="com.Kotonoha_Android"
4    android:hardwareAccelerated="true"
5    android:versionCode="1"
6    android:versionName="1.0" >
7
8    <uses-sdk
9        android:minSdkVersion="21"
9-->src\main\AndroidManifest.xml
10        android:targetSdkVersion="33" />
10-->src\main\AndroidManifest.xml
11    <!-- OpenGL ES 2.0 -->
12    <uses-feature android:glEsVersion="0x00020000" />
12-->src\main\AndroidManifest.xml:8:9-58
12-->src\main\AndroidManifest.xml:8:23-55
13
14    <uses-permission android:name="android.permission.MANAGE_EXTERNAL_STORAGE" />
14-->src\main\AndroidManifest.xml:9:9-86
14-->src\main\AndroidManifest.xml:9:26-83
15    <uses-permission android:name="android.permission.READ_EXTERNAL_STORAGE" />
15-->src\main\AndroidManifest.xml:10:9-84
15-->src\main\AndroidManifest.xml:10:26-81
16    <uses-permission android:name="android.permission.WRITE_EXTERNAL_STORAGE" />
16-->src\main\AndroidManifest.xml:11:9-85
16-->src\main\AndroidManifest.xml:11:26-82
17
18    <application
18-->src\main\AndroidManifest.xml:12:3-22:17
19        android:allowBackup="false"
19-->src\main\AndroidManifest.xml:12:16-43
20        android:debuggable="true" >
21        <activity
21-->src\main\AndroidManifest.xml:13:5-21:16
22            android:name="com.Kotonoha_Android.Kotonoha_Android"
22-->src\main\AndroidManifest.xml:13:15-47
23            android:exported="true"
23-->src\main\AndroidManifest.xml:15:15-38
24            android:screenOrientation="landscape"
24-->src\main\AndroidManifest.xml:14:15-52
25            android:theme="@android:style/Theme.NoTitleBar.Fullscreen" >
25-->src\main\AndroidManifest.xml:16:15-73
26            <intent-filter>
26-->src\main\AndroidManifest.xml:17:7-20:23
27                <action android:name="android.intent.action.MAIN" />
27-->src\main\AndroidManifest.xml:18:9-61
27-->src\main\AndroidManifest.xml:18:17-58
28
29                <category android:name="android.intent.category.LAUNCHER" />
29-->src\main\AndroidManifest.xml:19:9-69
29-->src\main\AndroidManifest.xml:19:19-66
30            </intent-filter>
31        </activity>
32    </application>
33
34</manifest>